<?xml version="1.0" encoding="UTF-8"?>
<testng-results ignored="0" total="1" passed="1" failed="0" skipped="0">
  <reporter-output>
  </reporter-output>
  <suite started-at="2023-10-01T14:57:07 IST" name="Default suite" finished-at="2023-10-01T14:58:07 IST" duration-ms="59767">
    <groups>
    </groups>
    <test started-at="2023-10-01T14:57:07 IST" name="Default test" finished-at="2023-10-01T14:58:07 IST" duration-ms="59767">
      <class name="com.sampleone.testscripts.BrowserTest">
        <test-method signature="browserTest1()[pri:0, instance:com.sampleone.testscripts.BrowserTest@7b98f307]" started-at="2023-10-01T14:57:07 IST" name="browserTest1" finished-at="2023-10-01T14:58:07 IST" duration-ms="59680" status="PASS">
          <reporter-output>
          </reporter-output>
        </test-method> <!-- browserTest1 -->
      </class> <!-- com.sampleone.testscripts.BrowserTest -->
    </test> <!-- Default test -->
  </suite> <!-- Default suite -->
</testng-results>
